\BOOKMARK [0][]{chapter*.1}{Certification}{}% 1
\BOOKMARK [0][]{chapter*.2}{Dedication}{}% 2
\BOOKMARK [0][]{chapter*.3}{Acknowledgement}{}% 3
\BOOKMARK [0][]{chapter*.4}{Abstract}{}% 4
\BOOKMARK [0][]{chapter.1}{Introduction}{}% 5
\BOOKMARK [1][]{section.1.1}{Preamble}{chapter.1}% 6
\BOOKMARK [1][]{section.1.2}{Motivation}{chapter.1}% 7
\BOOKMARK [1][]{section.1.3}{A Reduction Problem}{chapter.1}% 8
\BOOKMARK [1][]{section.1.4}{Objective}{chapter.1}% 9
\BOOKMARK [1][]{section.1.5}{Scope of Work}{chapter.1}% 10
\BOOKMARK [1][]{section.1.6}{Definition of Terms and Concepts}{chapter.1}% 11
\BOOKMARK [0][]{chapter.2}{Literature Review}{}% 12
\BOOKMARK [1][]{section.2.1}{Linear Programming \(LP\)}{chapter.2}% 13
\BOOKMARK [0][]{chapter.3}{The Algorithm}{}% 14
\BOOKMARK [1][]{section.3.1}{Defining Resources and Objects}{chapter.3}% 15
\BOOKMARK [1][]{section.3.2}{Adjusting for Capacities}{chapter.3}% 16
\BOOKMARK [1][]{section.3.3}{Working with the Constraints}{chapter.3}% 17
\BOOKMARK [1][]{section.3.4}{Assigning the Objects}{chapter.3}% 18
\BOOKMARK [0][]{chapter.4}{Solving A Sample Problem}{}% 19
\BOOKMARK [1][]{section.4.1}{Statement of Constraints}{chapter.4}% 20
\BOOKMARK [1][]{section.4.2}{The States}{chapter.4}% 21
\BOOKMARK [1][]{section.4.3}{The Graduates}{chapter.4}% 22
\BOOKMARK [1][]{section.4.4}{Capacities}{chapter.4}% 23
\BOOKMARK [1][]{section.4.5}{Constraints}{chapter.4}% 24
\BOOKMARK [1][]{section.4.6}{Populating the States}{chapter.4}% 25
\BOOKMARK [0][]{chapter.5}{Discussion and Conclusion}{}% 26
\BOOKMARK [1][]{section.5.1}{Discussion of Results}{chapter.5}% 27
\BOOKMARK [1][]{section.5.2}{Improvement Suggestions}{chapter.5}% 28
\BOOKMARK [1][]{section.5.3}{Further Work}{chapter.5}% 29
\BOOKMARK [1][]{section*.51}{References}{chapter.5}% 30
\BOOKMARK [0][]{section*.51}{References}{}% 31
